#
# There is insufficient memory for the Java Runtime Environment to continue.
# Native memory allocation (malloc) failed to allocate 1048576 bytes for AllocateHeap
# Possible reasons:
#   The system is out of physical RAM or swap space
#   The process is running with CompressedOops enabled, and the Java Heap may be blocking the growth of the native heap
# Possible solutions:
#   Reduce memory load on the system
#   Increase physical memory or swap space
#   Check if swap backing store is full
#   Decrease Java heap size (-Xmx/-Xms)
#   Decrease number of Java threads
#   Decrease Java thread stack sizes (-Xss)
#   Set larger code cache with -XX:ReservedCodeCacheSize=
#   JVM is running with Zero Based Compressed Oops mode in which the Java heap is
#     placed in the first 32GB address space. The Java Heap base address is the
#     maximum limit for the native heap growth. Please use -XX:HeapBaseMinAddress
#     to set the Java Heap base and to place the Java Heap above 32GB virtual address.
# This output file may be truncated or incomplete.
#
#  Out of Memory Error (memory/allocation.inline.hpp:61), pid=20524, tid=0x0000000000003ce4
#
# JRE version:  (8.0_271-b09) (build )
# Java VM: Java HotSpot(TM) 64-Bit Server VM (25.271-b09 mixed mode windows-amd64 compressed oops)
# Failed to write core dump. Minidumps are not enabled by default on client versions of Windows
#

---------------  T H R E A D  ---------------

Current thread (0x00000286250ab800):  JavaThread "Unknown thread" [_thread_in_vm, id=15588, stack(0x000000fa1d700000,0x000000fa1d800000)]

Stack: [0x000000fa1d700000,0x000000fa1d800000]
Native frames: (J=compiled Java code, j=interpreted, Vv=VM code, C=native code)
V  [jvm.dll+0x33f6c9]
V  [jvm.dll+0x286122]
V  [jvm.dll+0x286dcd]
V  [jvm.dll+0x27d805]
V  [jvm.dll+0x1565d]
V  [jvm.dll+0x3da1f7]
V  [jvm.dll+0x3d6637]
V  [jvm.dll+0x10cfff]
V  [jvm.dll+0x21ab2b]
V  [jvm.dll+0x2494e7]
V  [jvm.dll+0x172a76]
C  [java.exe+0x2312]
C  [java.exe+0x15f54]
C  [KERNEL32.DLL+0x17c24]
C  [ntdll.dll+0x6d4d1]


---------------  P R O C E S S  ---------------

Java Threads: ( => current thread )

Other Threads:

=>0x00000286250ab800 (exited) JavaThread "Unknown thread" [_thread_in_vm, id=15588, stack(0x000000fa1d700000,0x000000fa1d800000)]

VM state:not at safepoint (normal execution)

VM Mutex/Monitor currently owned by a thread: None

heap address: 0x00000006c3e00000, size: 4034 MB, Compressed Oops mode: Zero based, Oop shift amount: 3
Narrow klass base: 0x0000000000000000, Narrow klass shift: 3
Compressed class space size: 1073741824 Address: 0x00000007c0000000

Heap:
 PSYoungGen      total 75776K, used 1300K [0x000000076bf80000, 0x0000000771400000, 0x00000007c0000000)
  eden space 65024K, 2% used [0x000000076bf80000,0x000000076c0c51f8,0x000000076ff00000)
  from space 10752K, 0% used [0x0000000770980000,0x0000000770980000,0x0000000771400000)
  to   space 10752K, 0% used [0x000000076ff00000,0x000000076ff00000,0x0000000770980000)
 ParOldGen       total 173568K, used 0K [0x00000006c3e00000, 0x00000006ce780000, 0x000000076bf80000)
  object space 173568K, 0% used [0x00000006c3e00000,0x00000006c3e00000,0x00000006ce780000)
 Metaspace       used 776K, capacity 4480K, committed 4480K, reserved 1056768K
  class space    used 76K, capacity 384K, committed 384K, reserved 1048576K

Card table byte_map: [0x0000028635f30000,0x0000028636720000] byte_map_base: 0x0000028632911000

Marking Bits: (ParMarkBitMap*) 0x0000000069087fe0
 Begin Bits: [0x0000028636c70000, 0x000002863ab78000)
 End Bits:   [0x000002863ab78000, 0x000002863ea80000)

Polling page: 0x0000028625270000

CodeCache: size=245760Kb used=328Kb max_used=328Kb free=245431Kb
 bounds [0x0000028626b70000, 0x0000028626de0000, 0x0000028635b70000]
 total_blobs=58 nmethods=0 adapters=38
 compilation: enabled

Compilation events (0 events):
No events

GC Heap History (0 events):
No events

Deoptimization events (0 events):
No events

Classes redefined (0 events):
No events

Internal exceptions (0 events):
No events

Events (10 events):
Event: 0.021 loading class java/lang/Short
Event: 0.021 loading class java/lang/Short done
Event: 0.021 loading class java/lang/Integer
Event: 0.021 loading class java/lang/Integer done
Event: 0.021 loading class java/lang/Long
Event: 0.021 loading class java/lang/Long done
Event: 0.022 loading class java/lang/NullPointerException
Event: 0.022 loading class java/lang/NullPointerException done
Event: 0.022 loading class java/lang/ArithmeticException
Event: 0.022 loading class java/lang/ArithmeticException done


Dynamic libraries:
0x00007ff664330000 - 0x00007ff664377000 	C:\Program Files\Java\jdk1.8.0_271\bin\java.exe
0x00007ffa30c40000 - 0x00007ffa30e30000 	C:\Windows\SYSTEM32\ntdll.dll
0x00007ffa30320000 - 0x00007ffa303d2000 	C:\Windows\System32\KERNEL32.DLL
0x00007ffa2e790000 - 0x00007ffa2ea35000 	C:\Windows\System32\KERNELBASE.dll
0x00007ffa2f980000 - 0x00007ffa2fa23000 	C:\Windows\System32\ADVAPI32.dll
0x00007ffa2ee50000 - 0x00007ffa2eeee000 	C:\Windows\System32\msvcrt.dll
0x00007ffa2f6b0000 - 0x00007ffa2f747000 	C:\Windows\System32\sechost.dll
0x00007ffa2f4c0000 - 0x00007ffa2f5e0000 	C:\Windows\System32\RPCRT4.dll
0x00007ffa2fa30000 - 0x00007ffa2fbc4000 	C:\Windows\System32\USER32.dll
0x00007ffa2ecc0000 - 0x00007ffa2ece1000 	C:\Windows\System32\win32u.dll
0x00007ffa305b0000 - 0x00007ffa305d6000 	C:\Windows\System32\GDI32.dll
0x00007ffa2e470000 - 0x00007ffa2e606000 	C:\Windows\System32\gdi32full.dll
0x00007ffa2eb90000 - 0x00007ffa2ec2e000 	C:\Windows\System32\msvcp_win.dll
0x00007ffa2e370000 - 0x00007ffa2e46a000 	C:\Windows\System32\ucrtbase.dll
0x00007ffa208b0000 - 0x00007ffa20b34000 	C:\Windows\WinSxS\amd64_microsoft.windows.common-controls_6595b64144ccf1df_6.0.18362.1256_none_9e7e379be45e40e2\COMCTL32.dll
0x00007ffa2f180000 - 0x00007ffa2f4b6000 	C:\Windows\System32\combase.dll
0x00007ffa2ec30000 - 0x00007ffa2ecb1000 	C:\Windows\System32\bcryptPrimitives.dll
0x00007ffa303f0000 - 0x00007ffa3041e000 	C:\Windows\System32\IMM32.DLL
0x00007ffa2d8b0000 - 0x00007ffa2d919000 	C:\Windows\LVUAAgentInstBaseRoot\system32\Vozokopot.dll
0x00007ffa1a9a0000 - 0x00007ffa1a9b5000 	C:\Program Files\Java\jdk1.8.0_271\jre\bin\vcruntime140.dll
0x00007ffa1a7f0000 - 0x00007ffa1a88b000 	C:\Program Files\Java\jdk1.8.0_271\jre\bin\msvcp140.dll
0x0000000068890000 - 0x00000000690ff000 	C:\Program Files\Java\jdk1.8.0_271\jre\bin\server\jvm.dll
0x00007ffa2f7c0000 - 0x00007ffa2f7c8000 	C:\Windows\System32\PSAPI.DLL
0x00007ffa24540000 - 0x00007ffa24564000 	C:\Windows\SYSTEM32\WINMM.dll
0x00007ffa202d0000 - 0x00007ffa202da000 	C:\Windows\SYSTEM32\VERSION.dll
0x00007ffa1f1f0000 - 0x00007ffa1f1f9000 	C:\Windows\SYSTEM32\WSOCK32.dll
0x00007ffa2f750000 - 0x00007ffa2f7bf000 	C:\Windows\System32\WS2_32.dll
0x00007ffa24330000 - 0x00007ffa2435d000 	C:\Windows\SYSTEM32\WINMMBASE.dll
0x00007ffa2e6c0000 - 0x00007ffa2e70a000 	C:\Windows\System32\cfgmgr32.dll
0x00007ffa2db90000 - 0x00007ffa2dba1000 	C:\Windows\System32\kernel.appcore.dll
0x00007ffa1f5a0000 - 0x00007ffa1f5b0000 	C:\Program Files\Java\jdk1.8.0_271\jre\bin\verify.dll
0x00007ffa1a7c0000 - 0x00007ffa1a7eb000 	C:\Program Files\Java\jdk1.8.0_271\jre\bin\java.dll
0x00007ffa25c50000 - 0x00007ffa25c80000 	C:\Program Files\Java\jdk1.8.0_271\jre\bin\instrument.dll
0x00007ffa1a730000 - 0x00007ffa1a748000 	C:\Program Files\Java\jdk1.8.0_271\jre\bin\zip.dll
0x00007ffa29190000 - 0x00007ffa29384000 	C:\Windows\SYSTEM32\dbghelp.dll

VM Arguments:
jvm_args: -javaagent:C:\Program Files\JetBrains\IntelliJ IDEA 2020.2.3\lib\idea_rt.jar=2568:C:\Program Files\JetBrains\IntelliJ IDEA 2020.2.3\bin -Dfile.encoding=UTF-8 
java_command: com.cedar.core.BitOperation
java_class_path (initial): C:\Program Files\Java\jdk1.8.0_271\jre\lib\charsets.jar;C:\Program Files\Java\jdk1.8.0_271\jre\lib\deploy.jar;C:\Program Files\Java\jdk1.8.0_271\jre\lib\ext\access-bridge-64.jar;C:\Program Files\Java\jdk1.8.0_271\jre\lib\ext\cldrdata.jar;C:\Program Files\Java\jdk1.8.0_271\jre\lib\ext\dnsns.jar;C:\Program Files\Java\jdk1.8.0_271\jre\lib\ext\jaccess.jar;C:\Program Files\Java\jdk1.8.0_271\jre\lib\ext\jfxrt.jar;C:\Program Files\Java\jdk1.8.0_271\jre\lib\ext\localedata.jar;C:\Program Files\Java\jdk1.8.0_271\jre\lib\ext\nashorn.jar;C:\Program Files\Java\jdk1.8.0_271\jre\lib\ext\sunec.jar;C:\Program Files\Java\jdk1.8.0_271\jre\lib\ext\sunjce_provider.jar;C:\Program Files\Java\jdk1.8.0_271\jre\lib\ext\sunmscapi.jar;C:\Program Files\Java\jdk1.8.0_271\jre\lib\ext\sunpkcs11.jar;C:\Program Files\Java\jdk1.8.0_271\jre\lib\ext\zipfs.jar;C:\Program Files\Java\jdk1.8.0_271\jre\lib\javaws.jar;C:\Program Files\Java\jdk1.8.0_271\jre\lib\jce.jar;C:\Program Files\Java\jdk1.8.0_271\jre\lib\jfr.jar;C:\Program Files\Java\jdk1.8.0_271\jre\lib\jfxswt.jar;C:\Program Files\Java\jdk1.8.0_271\jre\lib\jsse.jar;C:\Program Files\Java\jdk1.8.0_271\jre\lib\management-agent.jar;C:\Program Files\Java\jdk1.8.0_271\jre\lib\plugin.jar;C:\Program Files\Java\jdk1.8.0_271\jre\lib\resources.jar;C:\Program Files\Java\jdk1.8.0_271\jre\lib\rt.jar;C:\Users\zhangnx\Desktop\code\cedar-mix\java-core\target\classes;C:\Program Files\JetBrains\IntelliJ IDEA 2020.2.3\lib\idea_rt.jar
Launcher Type: SUN_STANDARD

Environment Variables:
PATH=C:\Program Files (x86)\VMware\VMware Workstation\bin\;C:\Program Files\Java\jdk1.8.0_271\bin;C:\Windows\system32;C:\Windows;C:\Windows\System32\Wbem;C:\Windows\System32\WindowsPowerShell\v1.0\;C:\Windows\System32\OpenSSH\;C:\Program Files\Git\cmd;C:\Program Files\TortoiseGit\bin;C:\Program Files\Git\bin;C:\software\apache-maven-3.6.1\bin;C:\Program Files\PuTTY\;C:\Program Files\Microsoft VS Code\bin;C:\Program Files\Java\jdk1.8.0_271\jre;C:\Users\zhangnx\AppData\Local\Programs\Python\Python39\Scripts\;C:\Users\zhangnx\AppData\Local\Programs\Python\Python39\;C:\Users\zhangnx\AppData\Local\Microsoft\WindowsApps;C:\Program Files\JetBrains\IntelliJ IDEA 2020.2.3\bin;;C:\Program Files (x86)\VMware\VMware Workstation\bin\;C:\Program Files\Java\jdk1.8.0_271\bin;C:\Windows\system32;C:\Windows;C:\Windows\System32\Wbem;C:\Windows\System32\WindowsPowerShell\v1.0\;C:\Windows\System32\OpenSSH\;C:\Program Files\Git\cmd;C:\Program Files\TortoiseGit\bin;C:\Program Files\Git\bin;C:\software\apache-maven-3.6.1\bin;C:\Program Files\PuTTY\;C:\Program Files\Microsoft VS Code\bin;C:\Program Files\Java\jdk1.8.0_271\jre;;C:\Program Files\JetBrains\PyCharm 2020.3\bin;;;C:\Program Files\JetBrains\DataGrip 2020.3\bin;;C:\Program Files\JetBrains\CLion 2020.3\bin;
USERNAME=zhangnx
OS=Windows_NT
PROCESSOR_IDENTIFIER=Intel64 Family 6 Model 142 Stepping 12, GenuineIntel



---------------  S Y S T E M  ---------------

OS: Windows 10.0 , 64 bit Build 18362 (10.0.18362.1110)

CPU:total 8 (initial active 8) (4 cores per cpu, 2 threads per core) family 6 model 142 stepping 12, cmov, cx8, fxsr, mmx, sse, sse2, sse3, ssse3, sse4.1, sse4.2, popcnt, avx, avx2, aes, clmul, erms, 3dnowpref, lzcnt, ht, tsc, tscinvbit, bmi1, bmi2, adx

Memory: 4k page, physical 16521980k(3384688k free), swap 32068600k(4220k free)

vm_info: Java HotSpot(TM) 64-Bit Server VM (25.271-b09) for windows-amd64 JRE (1.8.0_271-b09), built on Sep 16 2020 19:14:59 by "" with MS VC++ 15.9 (VS2017)

time: Wed Jan 13 16:13:31 2021
timezone: ?D1¨²¡À¨º¡Á?¨º¡À??
elapsed time: 0.035465 seconds (0d 0h 0m 0s)

